time="2018-12-27 15:03:04" level=info msg="Initializing Snake Client..."
time="2018-12-27 15:03:04" level=info msg="Connecting to Snake-Hub"
time="2018-12-27 15:03:04" level=info msg="Connecting to WebSocket server" Connection string="ws://localhost:4545/hub?clientid=gfdc37eouabvm36ndigb&snakesecret=pythonforpresident"
time="2018-12-27 15:03:04" level=info msg="Joining game..."
time="2018-12-27 15:03:04" level=info msg="Joining game with client ID" Client ID=gfdc37eouabvm36ndigb
time="2018-12-27 15:03:04" level=info msg="Hanshake response" Server Msg="{handshake Handshake accapted from user gfdc37eouabvm36ndigb}"
time="2018-12-27 15:03:04" level=info msg="Initializeing TermBox..."
time="2018-12-27 15:03:04" level=info msg="Starting WebSocket Controller..."
time="2018-12-27 15:03:04" level=info msg="Starting Termbox Controller..."
time="2018-12-27 15:03:04" level=info msg="Entering mainloop"
time="2018-12-27 15:03:04" level=info msg="Starting Termbox event reader"
time="2018-12-27 15:19:46" level=info msg="Error : Terminated by user"
time="2018-12-27 15:19:46" level=info msg="Closing Termbox..."
time="2018-12-27 15:19:47" level=info msg="Closing WebSocket Connection..."
time="2018-12-27 15:19:47" level=warning msg="Unknow message type" Msg= Type=
time="2018-12-27 15:19:47" level=warning msg="Unknow message type" Msg= Type=
time="2018-12-27 15:19:47" level=warning msg="Unknow message type" Msg= Type=
time="2018-12-27 15:19:47" level=warning msg="Unknow message type" Msg= Type=
time="2018-12-27 15:19:47" level=warning msg="Unknow message type" Msg= Type=
time="2018-12-27 15:19:47" level=warning msg="Unknow message type" Msg= Type=
time="2018-12-27 15:19:47" level=warning msg="Unknow message type" Msg= Type=
time="2018-12-27 15:19:47" level=warning msg="Unknow message type" Msg= Type=
time="2018-12-27 15:19:47" level=warning msg="Unknow message type" Msg= Type=
time="2018-12-27 15:19:47" level=warning msg="Unknow message type" Msg= Type=
time="2018-12-27 15:19:47" level=info msg="Closing Websocket..."
